[    0.000000] Initializing cgroup subsys cpuset
[  000000] niializing cgroup subsys cpu
[    0.000000] Initializing cgroup subsys cpuacct
[    0.000000] Linux version 4.4.0-122-generic (buildd@lcy01-amd64-005) (gcc version 5.4.0 20160609 (Ubuntu 5.4.0-6ubuntu1~16.04.9) ) #146-Ubuntu SMP Mon Apr 23 15:34:04 UTC 2018 (Ubuntu 4.4.0-122.146-generic 4.4.117)
[    0.000000] Command line: BOOT_IMAGE=/boot/vmlinuz-4.4.0-122-generic root=LABEL=cloudimg-rootfs ro console=tty1 console=ttyS0
[    0.000000] KERNEL supported cpus:
[    0.000000]   Intel GenuineIntel
[    0.000000]   AMD AuthenticAMD
[    0.000000]   Centaur CentaurHauls
[    0.000000] x86/fpu: xstate_offset[2]:  576, xstate_sizes[2]:  256
[    0.000000] x86/fpu: Supporting XSAVE feature 0x01: 'x87 floating point registers'
[    0.000000] x86/fpu: Supporting XSAVE feature 0x02: 'SSE registers'
[    0.000000] x86/fpu: Supporting XSAVE feature 0x04: 'AVX registers'
[   0.000000] x86/fpu: Enabled xstate features 0x7, context size is 832 bytes, using 'standard' format.
[    0.000000] x86/fpu: Using 'lazy' FPU context switches.
[    0.000000] e820: BIOS-provided physical RAM map:
[   .000000 BOSe820:[mm 0x0000000000000000-0x000000000009fbff] usable
[   0.00000] BIOS-e820: [mem 0x000000000009fc00-0x000000000009ffff] reserved
[   0.000000] BIOS-e820: [mem 0x00000000000f0000-0x00000000000fffff] reserved
[   0.000000] BIOS-e820: [mem 0x0000000000100000-0x000000003ffeffff] usable
[    0.000000] BIOS-e820: [mem 0x000000003fff0000-0x000000003fffffff] ACPI data
[    0.00000]BIOS-e820: [mem 0x00000000fec00000-0x00000000fec00fff] reserved
[   .00000] BIOS-e820: [mem 0x00000000fee00000-0x00000000fee00fff] reserved
[    0.000000] BIOS-e820: [mem 0x00000000fffc0000-0x00000000ffffffff] reserved
[    0.000000] NX (Execute Disable) protection: active
[    0.000000] SMBIOS 2.5 present.
[    0.000000] Hypervisor detected: KVM
[    0.000000] e820: last_pfn = 0x3fff0 max_arch_pfn = 0x400000000
[    0.000000] MTRR: Disabled
[    0.000000] x86/PAT: MTRRs disabled, skipping PAT initialization too.
[    0.000000] CPU MTRRs all blank - virtualized system.
[    0.000000] x86/PAT: Configuration [0-7]: WB  WT  UC- UC  WB  WT  UC- UC  
[   0.000000] found SMP MP-table at [mem 0x0009fff0-0x0009ffff] mapped at [ffff88000009fff0]
[   .0000] Scanning 1 areas for low memory corruption
[   .00000] RAMDISK: [mem 0x36a98000-0x37543fff]
[  0.000000] ACPI: Early table checksum verification isabled
[    0.000000] ACPI: RSDP 0x00000000000E0000 000024 (v02 VBOX  )
[  0000000] ACPI: XSDT 0x000000003FFF0030 00003C (v01 VBOX   VBOXXSDT 00000001 ASL  00000061)
[    0.000000] ACPI: FACP 0x000000003FFF00F0 0000F4 (v04 VBOX   VBOXFACP 00000001 ASL  00000061)
[    0.000000] ACPI: DSDT 0x000000003FFF0470 0021FF (v02 VBOX   VBOXBIOS 00000002 INTL 20100528)
[    0.000000] ACPI: FACS 0x000000003FFF0200 000040
[    0.000000] ACPI: FACS 0x000000003F0200 000040
[   0.000000] ACPI: APIC 0x000000003FFF0240 00005C (v02 VBOX   VBOXAPIC 00000001 ASL  00000061)
[   0.000000] ACPI: SSDT 0x000000003FFF02A0 0001CC (v01 VBOX   VBOXCPUT 00000002 INTL 20100528)
[   0.000000] No NUMA configuration found
[    0.000000] Faking a node at [mem 0x0000000000000000-0x000000003ffeffff]
[    0.000000] NODE_DATA(0) allocated [mem 0x3ffeb000-0x3ffeffff]
[    0.000000] kvm-clock: Using msrs 4b564d01 and 4b564d00
[    0.000000] kvm-clock: cpu 0, msr 0:3ffe3001, primary cpu clock
[    0.00000] kvm-clock: using sched offset of 3592567940 cycles
[    0.000000] clocksource: kvm-clock: mask: 0xffffffffffffffff max_cycles: 0x1cd42e4dffb, max_idle_ns: 881590591483 ns
[    0.00000] Zone ranges:
[    0.000000]   DMA      [mem 0x0000000000001000-0x0000000000ffffff]
[    0.000000]   DMA32    [mem 0x0000000001000000-0x000000003ffeffff]
[    0.000000]   Normal   empty
[    0.000000]   Device   empty
[    0.000000] Movable zone start for each node
[    0.000000] Early memory node ranges
[    0.000000]   node   0: [mem 0x0000000000001000-0x000000000009efff]
[    0.000000]   node   0: [mem 0x0000000000100000-0x000000003ffeffff]
[    0.000000] Initmem setup node 0 [mem 0x0000000000001000-0x000000003ffeffff]
[    0.000000] ACPI: PM-Timer IO Port: 0x4008
[    0.000000] IOAPIC[0]: apic_id 2, version 32, address 0xfec00000, GSI 0-23
[    0.000000] ACPI: INT_SRC_OVR (bus 0 bus_irq 0 global_irq 2 dfl dfl)
[    0.000000] ACPI: INT_SRC_OVR (bus 0 bus_irq 9 global_irq 9 low level)
[    0.000000] Using ACPI (MADT) for SMP configuration information
[    0.000000] smpboot: Allowing 2 CPUs, 0 hotplug CPUs
[    0.000000] PM: Registered nosave memory: [mem 0x00000000-0x00000fff]
[   .000000] PM: Registered nosave memory: [mem 0x0009f000-0x0009ffff]
[  0000000] PM: Registered nosave memory: [mem 0x000a0000-0x000effff]
[    .0000] PM: Registered nosave memory: [mem 0x000f0000-0x000fffff]
[    0.000000] e820: [mem 0x40000000-0xfebfffff] available for PCI devices
[   .00000] Booting paravirtualized kernel on KVM
[    0.000] cocksource: refined-jiffies: mask: 0xffffffff max_cycles: 0xffffffff, max_idle_ns: 7645519600211568 ns
[   0.000000] setup_percpu: NR_CPUS:512 nr_cpumask_bits:512 nr_cpu_ids:2 nr_node_ids:1
[   0.000000] PERCPU: Embedded 34 pages/cpu @ffff88003fc00000 s99544 r8192 d31528 u1048576
[    0.000000] PV qspinlock hash table entries: 256 (order: 0, 4096 bytes)
[  0.000000] Built 1 zonelists in Node order, mobility grouping on.  Total pages: 257912
[    0.000000] Policy zone: DMA32
[    0.000000] Kernel command line: BOOT_IMAGE=/boot/vmlinuz-4.4.0-122-generic root=LABEL=cloudimg-rootfs ro console=tty1 console=ttyS0
[    0.000000] PID hash table entries: 409 (rdr:3, 32768 bytes)
[    0.000000] Memory: 1001596K/1048120K available (8532K kernel code, 1313K rwdata, 3996K rodata, 1508K init, 1316K bss, 46524K reserved, 0K cma-reserved)
[    0.000000] SLUB: HWalign=64, Order=0-3, MinObjects=0, CPUs=2, Nodes=1
[    0.000000] Kernel/User page tables isolation: enabled
[    0.000000] Hierarchical RCU implementation.
[    0.000000] 	Build-time adjustment of leaf fanout to 64.
[    0.000000] 	RCU restricting CPUs from NR_CPUS=512 to nr_cpu_ids=2.
[    0.000000] RCU: Adjusting geometry for rcu_fanout_leaf=64, nr_cpu_ids=2
[    0.000000] NR_IRQS:33024 nr_irqs:440 16
[    0.000000] Console: colour VGA+ 80x25
[    0.000000] console [tty1] enabled
[    0.000000] console [ttyS0] enabled
[   .00000] tsc: Detected 2594.088 MHz processor
[    1.687515] Calibrating delay loop (skipped) preset value.. 5188.17 BogoMIPS (lpj=10376352)
[    1.701404] pid_max: default: 32768 minimum: 301
[    1.703958] ACPI: Core revision 20150930
[    1.708214] ACPI: 2 ACPI AML tables successfully acquired and loaded
[    1.725049] Security Framework initialized
[    1.726443] Yama: becoming mindful.
[    1.727572] AppArmor: AppArmor initialized
[    1.730976] Dentry cache hash table entries: 131072 (order: 8, 1048576 bytes)
[    1.737831] Inode-cache hash table entries: 65536 (order: 7, 524288 bytes)
[    1.741084] Mount-cache hash table entries: 2048 (order: 2, 16384 bytes)
[    1.746978] Mountpoint-cache hash table entries: 2048 (order: 2, 16384 bytes)
[    1.754713] Initializing cgroup subsys io
[    1.759310] Initializing cgroup subsys memory
[    1.776668] Initializing cgroup subsys devices
[    1.785836] Initializing cgroup subsys freezer
[    1.787775] Initializing cgroup subsys net_cls
[    1.791851] Initializing cgroup subsys perf_event
[    1.799450] Initializing cgroup subsys net_prio
[    1.803844] Initializing cgroup subsys hugetlb
[    1.810865] Initializing cgroup subsys pids
[    1.812256] CPU: Physical Processor ID: 0
[    1.813646] CPU: Processor Core ID: 0
[    1.824835] FEATURE SPEC_CTRL Not Present
[    1.837362] mce: CPU supports 0 MCE banks
[    1.839754] Last level iTLB entries: 4KB 512, 2MB 8, 4MB 8
[    1.852209] Last level dTLB entries: 4KB 512, 2MB 32, 4MB 32, 1GB 0
[    1.860010] Spectre V2 mitigation: Mitigation: Full generic retpoline
[    1.868238] Spectre V2 mitigation: Speculation control IBPB not-supported IBRS not-supported
[    1.878327] Freeing SMP alternatives memory: 32K
[    1.892486] ftrace: allocating 32202 entries in 126 pages
[    1.951208] smpboot: APIC(0) Converting physical 0 to logical package 0
[    1.971913] smpboot: Max logical packages: 1
[    1.979229] x2apic enabled
[    1.987686] Switched APIC routing to physical x2apic.
[    2.000304] ..TIMER: vector=0x30 apic1=0 pin1=2 apic2=-1 pin2=-1
[    2.118383] smpboot: CPU0: Intel(R) Core(TM) i7-3720QM CPU @ 2.60GHz (family: 0x6, model: 0x3a, stepping: 0x9)
[    2.125617] Performance Events: unsupported p6 CPU model 58 no PMU driver, software events only.
[    2.137723] KVM setup paravirtual spinlock
[    2.140449] x86: Booting SMP configuration:
[    2.141977] .... node  #0, CPUs:      #1
[    2.151443] kvm-clock: cpu 1, msr 0:3ffe3041, secondary cpu clock
[    2.153816] mce: CPU supports 0 MCE banks
[    2.157091] x86: Booted up 1 node, 2 CPUs
[    2.158879] smpboot: Total of 2 processors activated (10376.35 BogoMIPS)
[    2.161670] devtmpfs: initialized
[    2.164683] evm: security.selinux
[    2.166397] evm: security.SMACK64
[    2.168292] evm: security.SMACK64EXEC
[    2.169831] evm: security.SMACK64TRANSMUTE
[    2.171158] evm: security.SMACK64MMAP
[    2.172308] evm: security.ima
[    2.173302] evm: security.capability
[    2.177217] clocksource: jiffies: mask: 0xffffffff max_cycles: 0xffffffff, max_idle_ns: 7645041785100000 ns
[    2.185391] futex hash table entries: 512 (order: 3, 32768 bytes)
[    2.191661] pinctrl core: initialized pinctrl subsystem
[    2.193340] RTC time: 19:07:48, date: 07/25/18
[    2.196011] NET: Registered protocol family 16
[    2.210723] cpuidle: using governor ladder
[    2.227181] cpuidle: using governor menu
[    2.231507] PCCT header not found.
[    2.232678] ACPI: bus type PCI registered
[    2.236293] acpiphp: ACPI Hot Plug PCI Controller Driver version: 0.5
[    2.245103] PCI: Using configuration type 1 for base access
[    2.264193] ACPI: Added _OSI(Module Device)
[    2.266665] ACPI: Added _OSI(Processor Device)
[    2.270310] ACPI: Added _OSI(3.0 _SCP Extensions)
[    2.279585] ACPI: Added _OSI(Processor Aggregator Device)
[    2.284768] ACPI: Executed 1 blocks of module-level executable AML code
[    2.291295] ACPI: Interpreter enabled
[    2.298435] ACPI: (supports S0 S5)
[    2.302262] ACPI: Using IOAPIC for interrupt routing
[    2.304071] PCI: Using host bridge windows from ACPI; if necessary, use "pci=nocrs" and report a bug
[    2.312633] ACPI: PCI Root Bridge [PCI0] (domain 0000 [bus 00-ff])
[    2.315767] acpi PNP0A03:00: _OSC: OS supports [ASPM ClockPM Segments MSI]
[    2.323389] acpi PNP0A03:00: _OSC: not requesting OS control; OS requires [ExtendedConfig ASPM ClockPM MSI]
[    2.332165] acpi PNP0A03:00: fail to add MMCONFIG information, can't access extended PCI configuration space under this bridge.
[    2.343302] PCI host bridge to bus 0000:00
[    2.355781] pci_bus 0000:00: root bus resource [io  0x0000-0x0cf7 window]
[    2.363391] pci_bus 0000:00: root bus resource [io  0x0d00-0xffff window]
[    2.365428] pci_bus 0000:00: root bus resource [mem 0x000a0000-0x000bffff window]
[    2.375845] pci_bus 0000:00: root bus resource [mem 0x40000000-0xfdffffff window]
[    2.383793] pci_bus 0000:00: root bus resource [bus 00-ff]
[    2.397211] pci 0000:00:01.1: legacy IDE quirk: reg 0x10: [io  0x01f0-0x01f7]
[    2.400309] pci 0000:00:01.1: legacy IDE quirk: reg 0x14: [io  0x03f6]
[    2.405079] pci 0000:00:01.1: legacy IDE quirk: reg 0x18: [io  0x0170-0x0177]
[    2.417432] pci 0000:00:01.1: legacy IDE quirk: reg 0x1c: [io  0x0376]
[    2.447364] pci 0000:00:07.0: quirk: [io  0x4000-0x403f] claimed by PIIX4 ACPI
[    2.449613] pci 0000:00:07.0: quirk: [io  0x4100-0x410f] claimed by PIIX4 SMB
[    2.469654] ACPI: PCI Interrupt Link [LNKA] (IRQs 5 9 10 *11)
[    2.472193] ACPI: PCI Interrupt Link [LNKB] (IRQs 5 9 *10 11)
[    2.474516] ACPI: PCI Interrupt Link [LNKC] (IRQs 5 *9 10 11)
[    2.487530] ACPI: PCI Interrupt Link [LNKD] (IRQs 5 9 10 *11)
[    2.495827] ACPI: Enabled 2 GPEs in block 00 to 07
[    2.508108] vgaarb: setting as boot device: PCI:0000:00:02.0
[    2.514899] vgaarb: device added: PCI:0000:00:02.0,decodes=io+mem,owns=io+mem,locks=none
[    2.517309] vgaarb: loaded
[    2.530082] vgaarb: bridge control possible 0000:00:02.0
[    2.533072] SCSI subsystem initialized
[    2.535646] ACPI: bus type USB registered
[    2.544476] usbcore: registered new interface driver usbfs
[    2.547446] usbcore: registered new interface driver hub
[    2.556815] usbcore: registered new device driver usb
[    2.564333] PCI: Using ACPI for IRQ routing
[    2.566336] NetLabel: Initializing
[    2.567429] NetLabel:  domain hash size = 128
[    2.568745] NetLabel:  protocols = UNLABELED CIPSOv4
[    2.571400] NetLabel:  unlabeled traffic allowed by default
[    2.575711] amd_nb: Cannot enumerate AMD northbridges
[    2.577245] clocksource: Switched to clocksource kvm-clock
[    2.588228] AppArmor: AppArmor Filesystem Enabled
[  25909] np PP ACPI init
[   .7354]pn PP ACPI: found 3 devices

[   .94949] clocksource: acpi_pm: mask: 0xffffff max_cycles: 0xffffff, max_idle_ns: 2085701024 ns
[   3.088863] NET: Registered protocol family 2

[    3.140] TCP established hash table entries: 8192 (order: 4, 65536 bytes)
[   3.196270] TCP bind hash table entries: 8192 (order: 5, 131072 bytes)
[    3.222080] TCP: Hash tables configured (established 8192 bind 8192)
[    3.225110] UDP hash table entries: 512 (order: 2, 16384 bytes)
[    3.227523] UDP-Lite hash table entries: 512 (orer: 2, 16384 bytes)
[    3.256112] NET: Registered proocol family 1
[    3.283902] pci 0000:00:00.0: Limiting direct PCI/PCI transfers
[    3.286693] pci 0000:00:01.0: Activating ISA DMA hang workarounds
[    3.289306] Unpacking initramfs...

[    4.986314] Freeing initrd memory: 10928K
[    4.996424] RAPL PMU detected, API unit is 2^-32 Joules, 3 fixed counters 10737418240 ms ovfl timer
[  50060] w unit of domain pp0-core 2^-0 Joules

[    5.153030] hw unit of domain package 2^-0 Joules
[    5.155600] hw unit of domain pp1-gpu 2^-0 Joules
[    5.158966] platform rtc_cmos: registered platform RTC device (no PNP device found)
[    5.161299] Scanning for low memory corruption every 60 seconds
[    5.169690] audit: initializing netlink subsys (disabled)
[    5.177249] audit: type=2000 audit(1532545674.539:1): initialized
[    5.186719] Initialise system trusted keyring
[    5.195043] HugeTLB registered 2 MB page size, pre-allocated 0 pages
[    5.198105] zbud: loaded
[    5.205191] VFS: Disk quotas dquot_6.6.0
[    5.210799] VFS: Dquot-cache hash table entries: 512 (order 0, 4096 bytes)
[    5.223853] squashfs: version 4.0 (2009/01/31) Phillip Lougher
[    5.235898] fuse init (API version 7.23)
[    5.237333] Key type big_key registered
[    5.238563] Allocating IMA MOK and blacklist keyrings.
[    5.241499] Key type asymmetric registered
[    5.242755] Asymmetric key parser 'x509' registered
[    5.244277] Block layer SCSI generic (bsg) driver version 0.4 loaded (major 249)
[    5.251289] io scheduler noop registered
[    5.252532] io scheduler deadline registered (default)
[    5.258586] io scheduler cfq registered
[    5.266040] pci_hotplug: PCI Hot Plug PCI Core version: 0.5
[    5.282151] pciehp: PCI Express Hot Plug Controller Driver version: 0.4
[    5.290624] ACPI: AC Adapter [AC] (on-line)
[    5.294749] input: Power Button as /devices/LNXSYSTM:00/LNXPWRBN:00/input/input0
[    5.296921] ACPI: Power Button [PWRF]
[    5.311417] input: Sleep Button as /devices/LNXSYSTM:00/LNXSLPBN:00/input/input1
[    5.322120] ACPI: Sleep Button [SLPF]
[    5.329015] GHES: HEST is not enabled!
[    5.330222] ACPI: Battery Slot [BAT0] (battery present)
[    5.333006] Serial: 8250/16550 driver, 32 ports, IRQ sharing enabled
[    5.368462] 00:02: ttyS0 at I/O 0x3f8 (irq = 4, base_baud = 115200) is a 16550A
[    5.380951] Linux agpgart interface v0.103
[    5.397657] loop: module loaded
[    5.399326] scsi host0: ata_piix
[    5.400514] scsi host1: ata_piix
[    5.401596] ata1: PATA max UDMA/33 cmd 0x1f0 ctl 0x3f6 bmdma 0xd000 irq 14
[    5.408218] ata2: PATA max UDMA/33 cmd 0x170 ctl 0x376 bmdma 0xd008 irq 15
[    5.426929] libphy: Fixed MDIO Bus: probed
[    5.434475] tun: Universal TUN/TAP device driver, 1.6
[    5.440539] tun: (C) 1999-2004 Max Krasnyansky <maxk@qualcomm.com>
[    5.442614] PPP generic driver version 2.4.2
[    5.444195] ehci_hcd: USB 2.0 'Enhanced' Host Controller (EHCI) Driver
[    5.447174] ehci-pci: EHCI PCI platform driver
[    5.450902] ehci-platform: EHCI generic platform driver
[    5.462615] ohci_hcd: USB 1.1 'Open' Host Controller (OHCI) Driver
[    5.464491] ohci-pci: OHCI PCI platform driver
[    5.469949] ohci-platform: OHCI generic platform driver
[    5.471967] uhci_hcd: USB Universal Host Controller Interface driver
[    5.480246] i8042: PNP: PS/2 Controller [PNP0303:PS2K,PNP0f03:PS2M] at 0x60,0x64 irq 1,12
[    5.484312] serio: i8042 KBD port at 0x60,0x64 irq 1
[    5.486329] serio: i8042 AUX port at 0x60,0x64 irq 12
[    5.489051] mousedev: PS/2 mouse device common for all mice
[    5.494869] input: AT Translated Set 2 keyboard as /devices/platform/i8042/serio0/input/input2
[    5.501822] rtc_cmos rtc_cmos: rtc core: registered rtc_cmos as rtc0
[    5.501897] rtc_cmos rtc_cmos: alarms up to one day, 114 bytes nvram
[    5.501904] i2c /dev entries driver
[    5.502099] device-mapper: uevent: version 1.0.3
[    5.502209] device-mapper: ioctl: 4.34.0-ioctl (2015-10-28) initialised: dm-devel@redhat.com
[    5.502229] ledtrig-cpu: registered to indicate activity on CPUs
[    5.502667] NET: Registered protocol family 10
[    5.502831] NET: Registered protocol family 17
[    5.502840] Key type dns_resolver registered
[    5.503213] registered taskstats version 1
[    5.503229] Loading compiled-in X.509 certificates
[    5.504155] Loaded X.509 cert 'Build time autogenerated kernel key: eb3f78ccfd14bc84ef58e051a28e8b7731c2f6e2'
[    5.504183] zswap: loaded using pool lzo/zbud
[    5.506473] Key type trusted registered
[    5.510422] Key type encrypted registered
[    5.510429] AppArmor: AppArmor sha1 policy hashing enabled
[    5.510434] ima: No TPM chip found, activating TPM-bypass!
[    5.510461] evm: HMAC attrs: 0x1
[    5.511111]   Magic number: 10:964:142
[    5.513239] rtc_cmos rtc_cmos: setting system clock to 2018-07-25 19:07:52 UTC (1532545672)
[    5.513401] BIOS EDD facility v0.16 2004-Jun-25, 0 devices found
[    5.513402] EDD information not available.
[    5.583326] Freeing unused kernel memory: 1508K
[    5.590292] Write protecting the kernel read-only data: 14336k
[    5.605656] Freeing unused kernel memory: 1696K
[    5.634543] Freeing unused kernel memory: 100K
Loading, please wait...
starting version[    5.649689] random: systemd-udevd: uninitialized urandom read (16 bytes read, 3 bits of entropy available)
 229
[    5.650328] random: udevadm: uninitialized urandom read (16 bytes read, 3 bits of entropy available)
[    5.650349] random: udevadm: uninitialized urandom read (16 bytes read, 3 bits of entropy available)
[    5.660118] random: udevadm: uninitialized urandom read (16 bytes read, 3 bits of entropy available)
[    5.660177] random: udevadm: uninitialized urandom read (16 bytes read, 3 bits of entropy available)
[    5.660325] random: udevadm: uninitialized urandom read (16 bytes read, 3 bits of entropy available)
[    5.660380] random: udevadm: uninitialized urandom read (16 bytes read, 3 bits of entropy available)
[    5.660436] random: udevadm: uninitialized urandom read (16 bytes read, 3 bits of entropy available)
[    5.660490] random: udevadm: uninitialized urandom read (16 bytes read, 3 bits of entropy available)
[    5.660543] random: udevadm: uninitialized urandom read (16 bytes read, 3 bits of entropy available)
[    5.813516] e1000: Intel(R) PRO/1000 Network Driver - version 7.3.21-k8-NAPI
[    5.819722] e1000: Copyright (c) 1999-2006 Intel Corporation.
[    5.822315] Fusion MPT base driver 3.04.20
[    5.825497] Copyright (c) 1999-2008 LSI Corporation
[    5.862659] Fusion MPT SPI Host driver 3.04.20
[    5.868082] AVX version of gcm_enc/dec engaged.
[    5.870976] AES CTR mode by8 optimization enabled
[    6.053703] input: ImExPS/2 Generic Explorer Mouse as /devices/platform/i8042/serio1/input/input4
[    6.162147] clocksource: tsc: mask: 0xffffffffffffffff max_cycles: 0x25646b981d7, max_idle_ns: 440795327688 ns
[    6.259386] e1000 0000:00:03.0 eth0: (PCI:33MHz:32-bit) 02:24:97:69:54:5f
[    6.275074] e1000 0000:00:03.0 eth0: Intel(R) PRO/1000 Network Connection
[    6.283736] mptbase: ioc0: Initiating bringup
[    6.345606] ioc0: LSI53C1030 A0: Capabilities={Initiator}
[    6.508139] scsi host2: ioc0: LSI53C1030 A0, FwRev=00000000h, Ports=1, MaxQ=256, IRQ=20
[    6.621898] scsi 2:0:0:0: Direct-Access     VBOX     HARDDISK         1.0  PQ: 0 ANSI: 5
[    6.625363] scsi target2:0:0: Beginning Domain Validation
[    6.633253] scsi target2:0:0: Domain Validation skipping write tests
[    6.635732] scsi target2:0:0: Ending Domain Validation
[    6.639002] scsi target2:0:0: asynchronous
[    6.643315] scsi 2:0:1:0: Direct-Access     VBOX     HARDDISK         1.0  PQ: 0 ANSI: 5
[    6.657903] scsi target2:0:1: Beginning Domain Validation
[    6.665680] scsi target2:0:1: Domain Validation skipping write tests
[    6.671155] scsi target2:0:1: Ending Domain Validation
[    6.689556] scsi target2:0:1: asynchronous
[    6.766367] sd 2:0:0:0: Attached scsi generic sg0 type 0
[    6.769792] sd 2:0:0:0: [sda] 20971520 512-byte logical blocks: (10.7 GB/10.0 GiB)
[    6.773856] sd 2:0:1:0: [sdb] 20480 512-byte logical blocks: (10.5 MB/10.0 MiB)
[    6.776463] sd 2:0:0:0: [sda] Write Protect is off
[    6.779137] sd 2:0:1:0: Attached scsi generic sg1 type 0
[    6.780871] sd 2:0:1:0: [sdb] Write Protect is off
[    6.783976] sd 2:0:1:0: [sdb] Incomplete mode parameter data
[    6.786036] sd 2:0:1:0: [sdb] Assuming drive cache: write through
[    6.794562] sd 2:0:0:0: [sda] Incomplete mode parameter data
[    6.796551] sd 2:0:0:0: [sda] Assuming drive cache: write through
[    6.803184]  sda: sda1
[    6.807388] sd 2:0:0:0: [sda] Attached SCSI disk
[    6.817589] sd 2:0:1:0: [sdb] Attached SCSI disk
[    7.078395] e1000 0000:00:08.0 eth1: (PCI:33MHz:32-bit) 08:00:27:bf:d2:49
[    7.100964] e1000 0000:00:08.0 eth1: Intel(R) PRO/1000 Network Connection
[    7.126738] e1000 0000:00:03.0 enp0s3: renamed from eth0
[    7.145712] e1000 0000:00:08.0 enp0s8: renamed from eth1
Begin: Loading essential drivers ... [    8.523445] md: linear personality registered for level -1
[    8.528571] md: multipath personality registered for level -4
[    8.537811] md: raid0 personality registered for level 0
[    8.543334] md: raid1 personality registered for level 1
[    8.613794] raid6: sse2x1   gen()  8792 MB/s
[    8.685451] raid6: sse2x1   xor()  7408 MB/s
[    8.753499] raid6: sse2x2   gen() 10074 MB/s
[    8.821276] raid6: sse2x2   xor()  8021 MB/s
[    8.893327] raid6: sse2x4   gen() 11728 MB/s
[    8.961520] raid6: sse2x4   xor()  8821 MB/s
[    8.963021] raid6: using algorithm sse2x4 gen() 11728 MB/s
[    8.964575] raid6: .... xor() 8821 MB/s, rmw enabled
[    8.967190] raid6: using ssse3x2 recovery algorithm
[    8.970171] xor: automatically using best checksumming function:
[    9.023803]    avx       : 23119.000 MB/sec
[    9.028133] async_tx: api initialized (async)
[    9.043273] md: raid6 personality registered for level 6
[    9.045656] md: raid5 personality registered for level 5
[    9.047490] md: raid4 personality registered for level 4
[    9.058298] md: raid10 personality registered for level 10
done.
Begin: Running /scripts/init-premount ... done.
Begin: Mounting root file system ... Begin: Running /scripts/local-top ... done.
Begin: Running /scripts/local-premount ... [    9.097059] Btrfs loaded
Scanning for Btrfs filesystems
done.
Warning: fsck not present, so skipping root file system
[    9.136897] EXT4-fs (sda1): mounted filesystem with ordered data mode. Opts: (null)
done.
Begin: Running /scripts/local-bottom ... done.
Begin: Running /scripts/init-bottom ... done.
[    9.250657] systemd[1]: systemd 229 running in system mode. (+PAM +AUDIT +SELINUX +IMA +APPARMOR +SMACK +SYSVINIT +UTMP +LIBCRYPTSETUP +GCRYPT +GNUTLS +ACL +XZ -LZ4 +SECCOMP +BLKID +ELFUTILS +KMOD -IDN)
[    9.257389] systemd[1]: Detected virtualization oracle.
[    9.266939] systemd[1]: Detected architecture x86-64.

Welcome to [1mUbuntu 16.04.4 LTS[0m!

[    9.290815] systemd[1]: Set hostname to <ubuntu-xenial>.
[    9.465985] systemd[1]: Listening on LVM2 metadata daemon socket.
[[0;32m  OK  [0m] Listening on LVM2 metadata daemon socket.
[    9.475638] systemd[1]: Started Trigger resolvconf update for networkd DNS.
[[0;32m  OK  [0m] Started Trigger resolvconf update for networkd DNS.
[    9.498820] systemd[1]: Reached target User and Group Name Lookups.
[[0;32m  OK  [0m] Reached target User and Group Name Lookups.
[    9.514147] systemd[1]: Listening on Journal Audit Socket.
[[0;32m  OK  [0m] Listening on Journal Audit Socket.
[    9.526795] systemd[1]: Reached target Swap.
[[0;32m  OK  [0m] Reached target Swap.
[    9.542049] systemd[1]: Listening on Journal Socket.
[[0;32m  OK  [0m] Listening on Journal Socket.
[    9.554148] systemd[1]: Listening on udev Kernel Socket.
[[0;32m  OK  [0m] Listening on udev Kernel Socket.
[   .5456]syted[]:Liteing on Journal Socket (/dev/log).
[[0;32m  OK  [0m] Listening on Journal Socket (/dev/log).
[    9.871612] systemd[1]: Created slice System Slice.
[[0;32m  OK  [0m] Created slice System Slice.
[    9.901754] systemd[1]: Starting Remount Root and Kernel File Systems...
         Starting Remount Root and Kernel File Systems...
[    9.911550] systemd[1]: Mounting POSIX Message Queue File System...
         Mounting POSIX Message Queue File Syste[    9.918814] EXT4-fs (sda1): re-mounted. Opts: (null)
m...
[    9.930813] systemd[1]: Starting Uncomplicated firewall...
         Starting Uncomplicated firewall...
[    9.937561] systemd[1]: Starting Load Kernel Modules...
         Starting Load Kernel Modules...
[    9.941244] systemd[1]: Created slice system-serial\x2dgetty.slice.
[[0;32m  OK  [0m] Created slice system-serial\[    9.948726] Loading iSCSI transport class v2.0-870.
x2dgetty.slice.
[    9.952484] systemd[1]: Starting Nameserver information manager...
         Starting Nameserver information manager...
[    9.956476] systemd[1]: Reached target System Time Synchronized.
[[0;32m  OK  [0m] Reached target System Time Synchronized.
[    9.962973] iscsi: registered transport (tcp)
[    9.963051] systemd[1]: Started Forward Password Requests to Wall Directory Watch.
[[0;32m  OK  [0m] Started Forward Password Requests to Wall Directory Watch.
[    9.977674] systemd[1]: Mounting Huge Pages File System...
         Mounting Huge Pages File System...
[    9.984433] systemd[1]: Listening on Device-mapper event daemon FIFOs.
[[0;32m  OK  [0m] Listening on Device-mapper event daemon FIFOs.
[    9.991348] systemd[1]: Starting Monitoring of LVM2 mirrors, snapshots etc. using dmeventd or progress polling...
         Starting Monitoring of LVM2 mirrors... dmeventd or progress polling...
[   10.001870] systemd[1]: Listening on Syslog Socket.
[[0;32m  OK  [0m] Listening on Syslog Socket.
[   10.008119] systemd[1]: Reached target Encrypted Volumes.
[[0;32m  OK  [0m] Reached target Encrypted Volumes.
[   10.024608] iscsi: registered transport (iser)
[   10.037527] systemd[1]: Starting Set console keymap...
         Starting Set console keymap...
[   10.047596] systemd[1]: Set up automount Arbitrary Executable File Formats File System Automount Point.
[[0;32m  OK  [0m] Set up automount Arbitrary Executab...ats File System Automount Point.
[   10.062212] systemd[1]: Starting Journal Service...
         Starting Journal Service...
[   10.067594] systemd[1]: Mounting Debug File System...
         Mounting Debug File System...
[   10.077779] systemd[1]: Created slice User and Session Slice.
[[0;32m  OK  [0m] Created slice User and Session Slice.
[   10.086858] systemd[1]: Reached target Slices.
[[0;32m  OK  [0m] Reached target Slices.
[   10.111940] systemd[1]: Listening on LVM2 poll daemon socket.
[[0;32m  OK  [0m] Listening on LVM2 poll daemon socket.
[   10.122895] systemd[1]: Listening on /dev/initctl Compatibility Named Pipe.
[[0;32m  OK  [0m] Listening on /dev/initctl Compatibility Named Pipe.
[   10.158290] systemd[1]: Listening on udev Control Socket.
[[0;32m  OK  [0m] Listening on udev Control Socket.
[   10.177956] systemd[1]: Starting Create list of required static device nodes for the current kernel...
         Starting Create list of required st... nodes for the current kernel...
[   10.194473] systemd[1]: Mounted POSIX Message Queue File System.
[[0;32m  OK  [0m] Mounted POSIX Message Queue File System.
[   10.213906] systemd[1]: Mounted Huge Pages File System.
[[0;32m  OK  [0m] Mounted Huge Pages File System.
[   10.258220] systemd[1]: Mounted Debug File System.
[[0;32m  OK  [0m] Mounted Debug File System.
[   10.286417] systemd[1]: Started Journal Service.
[[0;32m  OK  [0m] Started Journal Service.
[[0;32m  OK  [0m] Started Remount Root and Kernel File Systems.
[[0;32m  OK  [0m] Started Uncomplicated firewall.
[[0;32m  OK  [0m] Started Load Kernel Modules.
[[0;32m  OK  [0m] Started Set console keymap.
[[0;32m  OK  [0m] Started Create list of required sta...ce nodes for the current kernel.
[[0;32m  OK  [0m] Started Nameserver information manager.
[[0;32m  OK  [0m] Started LVM2 metadata daemon.
         Starting Create Static Device Nodes in /dev...
         Mounting FUSE Control File System...
         Starting Apply Kernel Variables...
         Starting Initial cloud-init job (pre-networking)...
         Starting udev Coldplug all Devices...
         Starting Load/Save Random Seed...
         Starting Flush Journal to Persistent Storage...
[[0;32m  OK  [0m] Mounted FUSE Control File System.
[[0;32m  OK  [0m] Started Create Static Device Nodes in /dev.
[[0;32m  OK  [0m] Started Apply Kernel Variables.
[[0;32m  OK  [0m] Started Load/Save Random Seed.
[[0;32m  OK  [0m] Started udev Coldplug all Devices.
[[0;32m  OK  [0m] Started Flush Journal to Persistent Storage.
         Starting udev Kernel Device Manager...
[[0;32m  OK  [0m] Started udev Kernel Device Manager.
[[0;32m  OK  [0m] Started Dispatch Password Requests to Console Directory Watch.
[[0;32m  OK  [0m] Started Monitoring of LVM2 mirrors,...ng dmeventd or progress polling.
[[0;32m  OK  [0m] Reached target Local File Systems (Pre).
[[0;32m  OK  [0m] Reached target Local File Systems.
         Starting LSB: AppArmor initialization...
         Starting Tell Plymouth To Write Out Runtime Data...
         Starting Set console font and keymap...
         Starting Create Volatile Files and Directories...
[[0;32m  OK  [0m] Started Tell Plymouth To Write Out Runtime Data.
[[0;32m  OK  [0m] Started Create Volatile Files and Directories.
         Starting Update UTMP about System Boot/Shutdown...
[[0;32m  OK  [0m] Started Update UTMP about System Boot/Shutdown.
[[0;32m  OK  [0m] Found device /dev/ttyS0.
[[0;32m  OK  [0m] Started LSB: AppArmor initialization.
[[0;32m  OK  [0m] Found device 82540EM Gigabit Ethern...r (PRO/1000 MT Desktop Adapter).
[[0;32m  OK  [0m] Listening on Load/Save RF Kill Switch Status /dev/rfkill Watch.
[    9.638644] cloud-init[451]: Cloud-init v. 18.2 running 'init-local' at Wed, 25 Jul 2018 19:07:58 +0000. Up 9.32 seconds.
[[0;32m  OK  [0m] Found device 82540EM Gigabit Ethern...r (PRO/1000 MT Desktop Adapter).
[[0;32m  OK  [0m] Started Set console font and keymap.
[[0;32m  OK  [0m] Started Initial cloud-init job (pre-networking).
[[0;32m  OK  [0m] Reached target Network (Pre).
         Starting Raise network interfaces...
[[0;32m  OK  [0m] Started ifup for enp0s8.
[[0;32m  OK  [0m] Started ifup for enp0s3.
[[0;32m  OK  [0m] Created slice system-getty.slice.
[[0;32m  OK  [0m] Started Raise network interfaces.
         Starting Initial cloud-init job (metadata service crawler)...
[[0;32m  OK  [0m] Reached target Network.
[   10.944809] cloud-init[1043]: Cloud-init v. 18.2 running 'init' at Wed, 25 Jul 2018 19:07:59 +0000. Up 10.64 seconds.
[   10.976711] cloud-init[1043]: ci-info: ++++++++++++++++++++++++++++++++++++++Net device info++++++++++++++++++++++++++++++++++++++
[   10.993492] cloud-init[1043]: ci-info: +--------+------+-----------------------------+---------------+-------+-------------------+
[[0;32m  OK  [0m] Started Initial cloud-init job (metadata service crawler).
[[   11.041369] cloud-init[1043]: ci-info: | Device |  Up  |           Address           |      Mask     | Scope |     Hw-Address    |
[   11.048816] cloud-init[1043]: ci-info: +--------+------+-----------------------------+---------------+-------+-------------------+
[0;32m  OK  [0m] Reached target System Initialization.
[   11.049204] cloud-init[1043]: ci-info: | enp0s3 | True |          10.0.2.15          | 255.255.255.0 |   .   | 02:24:97:69:54:5f |
[   11.105064] cloud-init[1043]: ci-info: | enp0s3 | True |  fe80::24:97ff:fe69:545f/64 |       .       |  link | 02:24:97:69:54:5f |
[   11.105709] cloud-init[1043]: ci-info: | enp0s8 | True |           10.0.0.2          | 255.255.255.0 |   .   | 08:00:27:bf:d2:49 |
         Starting LXD - unix socket.
[   11.106306] cloud-init[1043]: ci-info: | enp0s8 | True | fe80::a00:27ff:febf:d249/64 |       .       |  link | 08:00:27:bf:d2:49 |
[   11.165171] cloud-init[1043]: ci-info: |   lo   | True |          127.0.0.1          |   255.0.0.0   |   .   |         .         |
         [   11.165796] Starting Docker Socket for the API.cloud-init
[1043]: ci-info: |   lo   | True |           ::1/128           |       .       |  host |         .         |
[   11.204975] cloud-init[1043]: ci-info: +--------+------+-----------------------------+---------------+-------+-------------------+
         [   11.205468] Starting Socket activation for snappy daemon.cloud-init
[1043]: ci-info: +++++++++++++++++++++++++++Route IPv4 info++++++++++++++++++++++++++++
[   11.237618] cloud-init[1043]: ci-info: +-------+-------------+----------+---------------+-----------+-------+
[   11.238166] cloud-init[1043]: ci-info: | Route | Destination | Gateway  |    Genmask    | Interface | Flags |
[[0;32m  OK  [0m] Started Daily Cleanup of Temporary Directories.
[[   11.238891] cloud-init[1043]: ci-info: +-------+-------------+----------+---------------+-----------+-------+
[   11.305367] cloud-init[1043]: ci-info: |   0   |   0.0.0.0   | 10.0.2.2 |    0.0.0.0    |   enp0s3  |   UG  |
[0;32m  OK  [0m] Listening on UUID daemon activation socket.
[   11.306157] cloud-init[1043]: ci-info: |   1   |   10.0.0.0  | 0.0.0.0  | 255.255.255.0 |   enp0s8  |   U   |
[   11.321205] cloud-init[1043]: ci-info: |   2   |   10.0.2.0  | 0.0.0.0  | 255.255.255.0 |   enp0s3  |   U   |
[   11.324849] cloud-init[1043]: ci-info: +-------+-------------+----------+---------------+-----------+-------+
[[0;32m  OK  [0m] Started Daily apt download activities.
[[0;32m  OK  [0m] Started Daily apt upgrade and clean activities.
[[0;32m  OK  [0m] Reached target Timers.
[[0;32m  OK  [0m] Listening on ACPID Listen Socket.
[[0;32m  OK  [0m] Started ACPI Events Check.
[[0;32m  OK  [0m] Reached target Paths.
[[0;32m  OK  [0m] Listening on D-Bus System Message Bus Socket.
[[0;32m  OK  [0m] Reached target Network is Online.
         Starting iSCSI initiator daemon (iscsid)...
[[0;32m  OK  [0m] Reached target Cloud-config availability.
[[0;32m  OK  [0m] Listening on LXD - unix socket.
[[0;32m  OK  [0m] Listening on Docker Socket for the API.
[[0;32m  OK  [0m] Listening on Socket activation for snappy daemon.
[[0;32m  OK  [0m] Reached target Sockets.
[[0;32m  OK  [0m] Reached target Basic System.
[[0;32m  OK  [0m] Started ACPI event daemon.
         Starting System Logging Service...
         Starting Apply the settings specified in cloud-config...
         Starting Virtualbox guest utils...
[[0;32m  OK  [0m] Started D-Bus System Message Bus.
         Starting LSB: MD monitoring daemon...
         Starting OpenBSD Secure Shell server...
         Starting Accounts Service...
[[0;32m  OK  [0m] Started FUSE filesystem for LXC.
         Starting LSB: Record successful boot for GRUB...
[[0;32m  OK  [0m] Started Regular background program processing daemon.
         Starting /etc/rc.local Compatibility...
         Starting Docker Application Container Engine...
         Starting Snappy daemon...
[[0;32m  OK  [0m] Started Unattended Upgrades Shutdown.
         Starting Login Service...
[[0;32m  OK  [0m] Started Deferred execution scheduler.
         Starting LXD - container startup/shutdown...
[[0;32m  OK  [0m] Started System Logging Service.
[[0;32m  OK  [0m] Started OpenBSD Secure Shell server.
[[0;32m  OK  [0m] Started iSCSI initiator daemon (iscsid).
[[0;32m  OK  [0m] Started /etc/rc.local Compatibility.
[[0;32m  OK  [0m] Started LSB: MD monitoring daemon.
[[0;32m  OK  [0m] Started Login Service.
         Starting Authenticate and Authorize Users to Run Privileged Tasks...
         Starting Login to default iSCSI targets...
[[0;32m  OK  [0m] Started LSB: Record successful boot for GRUB.
[[0;32m  OK  [0m] Started Authenticate and Authorize Users to Run Privileged Tasks.
[[0;32m  OK  [0m] Started Accounts Service.
[[0;32m  OK  [0m] Started Login to default iSCSI targets.
[[0;32m  OK  [0m] Reached target Remote File Systems (Pre).
[[0;32m  OK  [0m] Reached target Remote File Systems.
         Starting Permit User Sessions...
         Starting LSB: automatic crash report generation...
         Starting LSB: daemon to balance interrupts for SMP systems...
         Starting LSB: Set up cgroupfs mounts....
         Starting LSB: Set the CPU Frequency Scaling governor to "ondemand"...
[[0;32m  OK  [0m] Started Permit User Sessions.
[[0;32m  OK  [0m] Started LSB: Set up cgroupfs mounts..
[[0;32m  OK  [0m] Started Virtualbox guest utils.
[[0;32m  OK  [0m] Started LXD - container startup/shutdown.
[[0;32m  OK  [0m] Started Snappy daemon.
         Starting Terminate Plymouth Boot Screen...
         Starting Hold until boot process finishes up...
[[0;32m  OK  [0m] Started LSB: automatic crash report generation.
[[0;32m  OK  [0m] Started LSB: daemon to balance interrupts for SMP systems.
[[0;32m  OK  [0m] Started LSB: Set the CPU Frequency Scaling governor to "ondemand".
[[0;32m  OK  [0m] Started Terminate Plymouth Boot Screen.
[[0;32m  OK  [0m] Started Hold until boot process finishes up.
[[0;32m  OK  [0m] Started Serial Getty on ttyS0.
         Starting Set console scheme...
[[0;32m  OK  [0m] Started Getty on tty1.
[[0;32m  OK  [0m] Reached target Login Prompts.
[[0;32m  OK  [0m] Started Set console scheme.
[   12.236994] cloud-init[1104]: Cloud-init v. 18.2 running 'modules:config' at Wed, 25 Jul 2018 19:08:01 +0000. Up 12.11 seconds.
[[0;32m  OK  [0m] Started Apply the settings specified in cloud-config.
[[0;32m  OK  [0m] Started Docker Application Container Engine.
[[0;32m  OK  [0m] Reached target Multi-User System.
         Starting Execute cloud user/final scripts...
[[0;32m  OK  [0m] Reached target Graphical Interface.
         Starting Update UTMP about System Runlevel Changes...
[[0;32m  OK  [0m] Started Update UTMP about System Runlevel Changes.
[   14.242340] cloud-init[1564]: Cloud-init v. 18.2 running 'modules:final' at Wed, 25 Jul 2018 19:08:03 +0000. Up 14.11 seconds.
[   14.253815] cloud-init[1564]: Cloud-init v. 18.2 finished at Wed, 25 Jul 2018 19:08:03 +0000. Datasource DataSourceNoCloud [seed=/dev/sdb][dsmode=net].  Up 14.23 seconds
[[0;32m  OK  [0m] Started Execute cloud user/final scripts.
[[0;32m  OK  [0m] Reached target Cloud-init target.

Ubuntu 16.04.4 LTS ubuntu-xenial ttyS0

ubuntu-xenial login: 